<?xml version="1.0" encoding="utf-8"?><testsuites name="pytest tests"><testsuite name="pytest" errors="0" failures="0" skipped="0" tests="17" time="4.183" timestamp="2026-06-03T01:12:39.569072+00:00" hostname="agent-env-a19070cb-fe62-4b36-94f8-fd6d4efe2d4a"><testcase classname="backend.tests.backend_test" name="test_health_up" time="0.168" /><testcase classname="backend.tests.backend_test" name="test_login_invalid_credentials" time="0.149" /><testcase classname="backend.tests.backend_test" name="test_login_admin_ok" time="0.127" /><testcase classname="backend.tests.backend_test" name="test_me_with_session" time="0.211" /><testcase classname="backend.tests.backend_test" name="test_me_without_session_401" time="0.129" /><testcase classname="backend.tests.backend_test" name="test_register_then_login_persists" time="0.260" /><testcase classname="backend.tests.backend_test" name="test_register_duplicate_email" time="0.145" /><testcase classname="backend.tests.backend_test" name="test_get_user_and_telemetry_flow" time="0.486" /><testcase classname="backend.tests.backend_test" name="test_telemetry_validation_zero_steps" time="0.156" /><testcase classname="backend.tests.backend_test" name="test_telemetry_requires_auth" time="0.114" /><testcase classname="backend.tests.backend_test" name="test_task_list_and_create_admin" time="0.334" /><testcase classname="backend.tests.backend_test" name="test_task_create_requires_admin" time="0.165" /><testcase classname="backend.tests.backend_test" name="test_challenge_list_and_join" time="0.324" /><testcase classname="backend.tests.backend_test" name="test_challenge_join_requires_auth" time="0.145" /><testcase classname="backend.tests.backend_test" name="test_device_list_and_admin_create" time="0.586" /><testcase classname="backend.tests.backend_test" name="test_rank_admin_only" time="0.243" /><testcase classname="backend.tests.backend_test" name="test_logout_invalidates_session" time="0.314" /></testsuite></testsuites>